This file contains any messages produced by compilers while
running configure, to aid debugging if configure makes a mistake.

It was created by MP4v2 configure -r, which was
generated by GNU Autoconf 2.69.  Invocation command line was

  $ ./configure --prefix=/usr/local/

## --------- ##
## Platform. ##
## --------- ##

hostname = mac302217.local
uname -m = x86_64
uname -r = 18.7.0
uname -s = Darwin
uname -v = Darwin Kernel Version 18.7.0: Tue Aug 20 16:57:14 PDT 2019; root:xnu-4903.271.2~2/RELEASE_X86_64

/usr/bin/uname -p = i386
/bin/uname -X     = unknown

/bin/arch              = unknown
/usr/bin/arch -k       = unknown
/usr/convex/getsysinfo = unknown
/usr/bin/hostinfo      = Mach kernel version:
	 Darwin Kernel Version 18.7.0: Tue Aug 20 16:57:14 PDT 2019; root:xnu-4903.271.2~2/RELEASE_X86_64
Kernel configured for up to 8 processors.
4 processors are physically available.
8 processors are logically available.
Processor type: x86_64h (Intel x86-64h Haswell)
Processors active: 0 1 2 3 4 5 6 7
Primary memory available: 8.00 gigabytes
Default processor set: 405 tasks, 2065 threads, 8 processors
Load average: 3.06, Mach factor: 4.93
/bin/machine           = unknown
/usr/bin/oslevel       = unknown
/bin/universe          = unknown

PATH: /usr/local/sbin
PATH: /usr/local/opt/gettext/bin
PATH: /Applications/Postgres.app/Contents/Versions/latest/bin
PATH: /Users/leandro.barbosa/.rvm/gems/ruby-2.6.0/bin
PATH: /Users/leandro.barbosa/.rvm/gems/ruby-2.6.0@global/bin
PATH: /Users/leandro.barbosa/.rvm/rubies/ruby-2.6.0/bin
PATH: /usr/local/opt/icu4c/sbin
PATH: /usr/local/opt/icu4c/bin
PATH: /usr/local/bin
PATH: /usr/bin
PATH: /bin
PATH: /usr/sbin
PATH: /sbin
PATH: /Users/leandro.barbosa/go/bin
PATH: /bin
PATH: /Users/leandro.barbosa/.rvm/bin


## ----------- ##
## Core tests. ##
## ----------- ##

configure:2324:
  -->
  --> Configuring MP4v2 -r
  -->
configure:2375: checking for a BSD-compatible install
configure:2443: result: /usr/local/bin/ginstall -c
configure:2454: checking whether build environment is sane
configure:2509: result: yes
configure:2660: checking for a thread-safe mkdir -p
configure:2699: result: /usr/local/bin/gmkdir -p
configure:2706: checking for gawk
configure:2736: result: no
configure:2706: checking for mawk
configure:2736: result: no
configure:2706: checking for nawk
configure:2736: result: no
configure:2706: checking for awk
configure:2722: found /usr/bin/awk
configure:2733: result: awk
configure:2744: checking whether make sets $(MAKE)
configure:2766: result: yes
configure:2795: checking whether make supports nested variables
configure:2812: result: yes
configure:2950: checking build system type
configure:2964: result: x86_64-apple-darwin18.7.0
configure:2984: checking host system type
configure:2997: result: x86_64-apple-darwin18.7.0
configure:3139: checking for g++
configure:3155: found /usr/bin/g++
configure:3166: result: g++
configure:3193: checking for C++ compiler version
configure:3202: g++ --version >&5
Apple LLVM version 10.0.1 (clang-1001.0.46.4)
Target: x86_64-apple-darwin18.7.0
Thread model: posix
InstalledDir: /Library/Developer/CommandLineTools/usr/bin
Configured with: --prefix=/Library/Developer/CommandLineTools/usr --with-gxx-include-dir=/Library/Developer/CommandLineTools/SDKs/MacOSX10.14.sdk/usr/include/c++/4.2.1
configure:3213: $? = 0
configure:3202: g++ -v >&5
Configured with: --prefix=/Library/Developer/CommandLineTools/usr --with-gxx-include-dir=/Library/Developer/CommandLineTools/SDKs/MacOSX10.14.sdk/usr/include/c++/4.2.1
Apple LLVM version 10.0.1 (clang-1001.0.46.4)
Target: x86_64-apple-darwin18.7.0
Thread model: posix
InstalledDir: /Library/Developer/CommandLineTools/usr/bin
configure:3213: $? = 0
configure:3202: g++ -V >&5
clang: error: unsupported option '-V -Wno-atomic-implicit-seq-cst'
clang: error: no input files
configure:3213: $? = 1
configure:3202: g++ -qversion >&5
clang: error: unknown argument '-qversion', did you mean '--version'?
clang: error: no input files
configure:3213: $? = 1
configure:3233: checking whether the C++ compiler works
configure:3255: g++   -L/usr/local/opt/libffi/lib conftest.cpp  >&5
configure:3259: $? = 0
configure:3307: result: yes
configure:3310: checking for C++ compiler default output file name
configure:3312: result: a.out
configure:3318: checking for suffix of executables
configure:3325: g++ -o conftest   -L/usr/local/opt/libffi/lib conftest.cpp  >&5
configure:3329: $? = 0
configure:3351: result: 
configure:3373: checking whether we are cross compiling
configure:3381: g++ -o conftest   -L/usr/local/opt/libffi/lib conftest.cpp  >&5
configure:3385: $? = 0
configure:3392: ./conftest
configure:3396: $? = 0
configure:3411: result: no
configure:3416: checking for suffix of object files
configure:3438: g++ -c   conftest.cpp >&5
configure:3442: $? = 0
configure:3463: result: o
configure:3467: checking whether we are using the GNU C++ compiler
configure:3486: g++ -c   conftest.cpp >&5
configure:3486: $? = 0
configure:3495: result: yes
configure:3504: checking whether g++ accepts -g
configure:3524: g++ -c -g  conftest.cpp >&5
configure:3524: $? = 0
configure:3565: result: yes
configure:3591: checking whether make supports the include directive
configure:3606: make -f confmf.GNU && cat confinc.out
this is the am__doit target
configure:3609: $? = 0
configure:3628: result: yes (GNU style)
configure:3653: checking dependency style of g++
configure:3764: result: none
configure:3825: checking how to print strings
configure:3852: result: printf
configure:3921: checking for gcc
configure:3937: found /usr/bin/gcc
configure:3948: result: gcc
configure:4177: checking for C compiler version
configure:4186: gcc --version >&5
Apple LLVM version 10.0.1 (clang-1001.0.46.4)
Target: x86_64-apple-darwin18.7.0
Thread model: posix
InstalledDir: /Library/Developer/CommandLineTools/usr/bin
Configured with: --prefix=/Library/Developer/CommandLineTools/usr --with-gxx-include-dir=/Library/Developer/CommandLineTools/SDKs/MacOSX10.14.sdk/usr/include/c++/4.2.1
configure:4197: $? = 0
configure:4186: gcc -v >&5
Configured with: --prefix=/Library/Developer/CommandLineTools/usr --with-gxx-include-dir=/Library/Developer/CommandLineTools/SDKs/MacOSX10.14.sdk/usr/include/c++/4.2.1
Apple LLVM version 10.0.1 (clang-1001.0.46.4)
Target: x86_64-apple-darwin18.7.0
Thread model: posix
InstalledDir: /Library/Developer/CommandLineTools/usr/bin
configure:4197: $? = 0
configure:4186: gcc -V >&5
clang: error: unsupported option '-V -Wno-atomic-implicit-seq-cst'
clang: error: no input files
configure:4197: $? = 1
configure:4186: gcc -qversion >&5
clang: error: unknown argument '-qversion', did you mean '--version'?
clang: error: no input files
configure:4197: $? = 1
configure:4201: checking whether we are using the GNU C compiler
configure:4220: gcc -c -I/usr/local/include -L/usr/local/lib  conftest.c >&5
clang: warning: argument unused during compilation: '-L/usr/local/lib' [-Wunused-command-line-argument]
configure:4220: $? = 0
configure:4229: result: yes
configure:4238: checking whether gcc accepts -g
configure:4258: gcc -c -g  conftest.c >&5
configure:4258: $? = 0
configure:4299: result: yes
configure:4316: checking for gcc option to accept ISO C89
configure:4379: gcc  -c -I/usr/local/include -L/usr/local/lib  conftest.c >&5
clang: warning: argument unused during compilation: '-L/usr/local/lib' [-Wunused-command-line-argument]
configure:4379: $? = 0
configure:4392: result: none needed
configure:4417: checking whether gcc understands -c and -o together
configure:4439: gcc -c conftest.c -o conftest2.o
configure:4442: $? = 0
configure:4439: gcc -c conftest.c -o conftest2.o
configure:4442: $? = 0
configure:4454: result: yes
configure:4473: checking dependency style of gcc
configure:4584: result: none
configure:4599: checking for a sed that does not truncate output
configure:4663: result: /usr/bin/sed
configure:4681: checking for grep that handles long lines and -e
configure:4739: result: /usr/bin/grep
configure:4744: checking for egrep
configure:4806: result: /usr/bin/grep -E
configure:4811: checking for fgrep
configure:4873: result: /usr/bin/grep -F
configure:4908: checking for ld used by gcc
configure:4975: result: /Library/Developer/CommandLineTools/usr/bin/ld
configure:4982: checking if the linker (/Library/Developer/CommandLineTools/usr/bin/ld) is GNU ld
configure:4997: result: no
configure:5009: checking for BSD- or MS-compatible name lister (nm)
configure:5063: result: /usr/bin/nm -B
configure:5193: checking the name lister (/usr/bin/nm -B) interface
configure:5200: gcc -c -I/usr/local/include -L/usr/local/lib  conftest.c >&5
clang: warning: argument unused during compilation: '-L/usr/local/lib' [-Wunused-command-line-argument]
configure:5203: /usr/bin/nm -B "conftest.o"
configure:5206: output
0000000000000000 S _some_variable
configure:5213: result: BSD nm
configure:5216: checking whether ln -s works
configure:5220: result: yes
configure:5228: checking the maximum length of command line arguments
configure:5359: result: 196608
configure:5407: checking how to convert x86_64-apple-darwin18.7.0 file names to x86_64-apple-darwin18.7.0 format
configure:5447: result: func_convert_file_noop
configure:5454: checking how to convert x86_64-apple-darwin18.7.0 file names to toolchain format
configure:5474: result: func_convert_file_noop
configure:5481: checking for /Library/Developer/CommandLineTools/usr/bin/ld option to reload object files
configure:5488: result: -r
configure:5562: checking for objdump
configure:5578: found /usr/bin/objdump
configure:5589: result: objdump
configure:5621: checking how to recognize dependent libraries
configure:5821: result: pass_all
configure:5906: checking for dlltool
configure:5936: result: no
configure:5966: checking how to associate runtime and link libraries
configure:5993: result: printf %s\n
configure:6054: checking for ar
configure:6070: found /usr/bin/ar
configure:6081: result: ar
configure:6118: checking for archiver @FILE support
configure:6135: gcc -c -I/usr/local/include -L/usr/local/lib  conftest.c >&5
clang: warning: argument unused during compilation: '-L/usr/local/lib' [-Wunused-command-line-argument]
configure:6135: $? = 0
configure:6138: ar cru libconftest.a @conftest.lst >&5
ar: @conftest.lst: No such file or directory
configure:6141: $? = 1
configure:6161: result: no
configure:6219: checking for strip
configure:6235: found /usr/bin/strip
configure:6246: result: strip
configure:6318: checking for ranlib
configure:6334: found /usr/bin/ranlib
configure:6345: result: ranlib
configure:6447: checking command to parse /usr/bin/nm -B output from gcc object
configure:6600: gcc -c -I/usr/local/include -L/usr/local/lib  conftest.c >&5
clang: warning: argument unused during compilation: '-L/usr/local/lib' [-Wunused-command-line-argument]
configure:6603: $? = 0
configure:6607: /usr/bin/nm -B conftest.o \| sed -n -e 's/^.*[ ]\([BCDEGRST][BCDEGRST]*\)[ ][ ]*\([_A-Za-z][_A-Za-z0-9]*\)$/\1 \2 \2/p' | sed '/ __gnu_lto/d' \> conftest.nm
configure:6610: $? = 0
cannot find nm_test_var in conftest.nm
configure:6600: gcc -c -I/usr/local/include -L/usr/local/lib  conftest.c >&5
clang: warning: argument unused during compilation: '-L/usr/local/lib' [-Wunused-command-line-argument]
configure:6603: $? = 0
configure:6607: /usr/bin/nm -B conftest.o \| sed -n -e 's/^.*[ ]\([BCDEGRST][BCDEGRST]*\)[ ][ ]*_\([_A-Za-z][_A-Za-z0-9]*\)$/\1 _\2 \2/p' | sed '/ __gnu_lto/d' \> conftest.nm
configure:6610: $? = 0
configure:6676: gcc -o conftest -I/usr/local/include -L/usr/local/lib  -L/usr/local/opt/libffi/lib conftest.c conftstm.o >&5
configure:6679: $? = 0
configure:6717: result: ok
configure:6764: checking for sysroot
configure:6794: result: no
configure:6801: checking for a working dd
configure:6839: result: /bin/dd
configure:6843: checking how to truncate binary pipes
configure:6858: result: /bin/dd bs=4096 count=1
configure:7187: checking for mt
configure:7217: result: no
configure:7237: checking if : is a manifest tool
configure:7243: : '-?'
configure:7251: result: no
configure:7307: checking for dsymutil
configure:7323: found /usr/bin/dsymutil
configure:7334: result: dsymutil
configure:7399: checking for nmedit
configure:7415: found /usr/bin/nmedit
configure:7426: result: nmedit
configure:7491: checking for lipo
configure:7507: found /usr/bin/lipo
configure:7518: result: lipo
configure:7583: checking for otool
configure:7599: found /usr/bin/otool
configure:7610: result: otool
configure:7675: checking for otool64
configure:7705: result: no
configure:7750: checking for -single_module linker flag
gcc -I/usr/local/include -L/usr/local/lib -L/usr/local/opt/libffi/lib -o libconftest.dylib -dynamiclib -Wl,-single_module conftest.c
configure:7783: result: yes
configure:7786: checking for -exported_symbols_list linker flag
configure:7806: gcc -o conftest -I/usr/local/include -L/usr/local/lib  -L/usr/local/opt/libffi/lib -Wl,-exported_symbols_list,conftest.sym conftest.c  >&5
configure:7806: $? = 0
configure:7816: result: yes
configure:7819: checking for -force_load linker flag
gcc -I/usr/local/include -L/usr/local/lib -c -o conftest.o conftest.c
clang: warning: argument unused during compilation: '-L/usr/local/lib' [-Wunused-command-line-argument]
ar cru libconftest.a conftest.o
ranlib libconftest.a
gcc -I/usr/local/include -L/usr/local/lib -L/usr/local/opt/libffi/lib -o conftest conftest.c -Wl,-force_load,./libconftest.a
configure:7851: result: yes
configure:7928: checking how to run the C preprocessor
configure:7959: gcc -E  conftest.c
configure:7959: $? = 0
configure:7973: gcc -E  conftest.c
conftest.c:11:10: fatal error: 'ac_nonexistent.h' file not found
#include <ac_nonexistent.h>
         ^~~~~~~~~~~~~~~~~~
1 error generated.
configure:7973: $? = 1
configure: failed program was:
| /* confdefs.h */
| #define PACKAGE_NAME "MP4v2"
| #define PACKAGE_TARNAME "mp4v2"
| #define PACKAGE_VERSION "-r"
| #define PACKAGE_STRING "MP4v2 -r"
| #define PACKAGE_BUGREPORT "kidjan@gmail.com"
| #define PACKAGE_URL ""
| #define PACKAGE "mp4v2"
| #define VERSION "-r"
| /* end confdefs.h.  */
| #include <ac_nonexistent.h>
configure:7998: result: gcc -E
configure:8018: gcc -E  conftest.c
configure:8018: $? = 0
configure:8032: gcc -E  conftest.c
conftest.c:11:10: fatal error: 'ac_nonexistent.h' file not found
#include <ac_nonexistent.h>
         ^~~~~~~~~~~~~~~~~~
1 error generated.
configure:8032: $? = 1
configure: failed program was:
| /* confdefs.h */
| #define PACKAGE_NAME "MP4v2"
| #define PACKAGE_TARNAME "mp4v2"
| #define PACKAGE_VERSION "-r"
| #define PACKAGE_STRING "MP4v2 -r"
| #define PACKAGE_BUGREPORT "kidjan@gmail.com"
| #define PACKAGE_URL ""
| #define PACKAGE "mp4v2"
| #define VERSION "-r"
| /* end confdefs.h.  */
| #include <ac_nonexistent.h>
configure:8061: checking for ANSI C header files
configure:8081: gcc -c -I/usr/local/include -L/usr/local/lib  conftest.c >&5
clang: warning: argument unused during compilation: '-L/usr/local/lib' [-Wunused-command-line-argument]
configure:8081: $? = 0
configure:8154: gcc -o conftest -I/usr/local/include -L/usr/local/lib  -L/usr/local/opt/libffi/lib conftest.c  >&5
configure:8154: $? = 0
configure:8154: ./conftest
configure:8154: $? = 0
configure:8165: result: yes
configure:8178: checking for sys/types.h
configure:8178: gcc -c -I/usr/local/include -L/usr/local/lib  conftest.c >&5
clang: warning: argument unused during compilation: '-L/usr/local/lib' [-Wunused-command-line-argument]
configure:8178: $? = 0
configure:8178: result: yes
configure:8178: checking for sys/stat.h
configure:8178: gcc -c -I/usr/local/include -L/usr/local/lib  conftest.c >&5
clang: warning: argument unused during compilation: '-L/usr/local/lib' [-Wunused-command-line-argument]
configure:8178: $? = 0
configure:8178: result: yes
configure:8178: checking for stdlib.h
configure:8178: gcc -c -I/usr/local/include -L/usr/local/lib  conftest.c >&5
clang: warning: argument unused during compilation: '-L/usr/local/lib' [-Wunused-command-line-argument]
configure:8178: $? = 0
configure:8178: result: yes
configure:8178: checking for string.h
configure:8178: gcc -c -I/usr/local/include -L/usr/local/lib  conftest.c >&5
clang: warning: argument unused during compilation: '-L/usr/local/lib' [-Wunused-command-line-argument]
configure:8178: $? = 0
configure:8178: result: yes
configure:8178: checking for memory.h
configure:8178: gcc -c -I/usr/local/include -L/usr/local/lib  conftest.c >&5
clang: warning: argument unused during compilation: '-L/usr/local/lib' [-Wunused-command-line-argument]
configure:8178: $? = 0
configure:8178: result: yes
configure:8178: checking for strings.h
configure:8178: gcc -c -I/usr/local/include -L/usr/local/lib  conftest.c >&5
clang: warning: argument unused during compilation: '-L/usr/local/lib' [-Wunused-command-line-argument]
configure:8178: $? = 0
configure:8178: result: yes
configure:8178: checking for inttypes.h
configure:8178: gcc -c -I/usr/local/include -L/usr/local/lib  conftest.c >&5
clang: warning: argument unused during compilation: '-L/usr/local/lib' [-Wunused-command-line-argument]
configure:8178: $? = 0
configure:8178: result: yes
configure:8178: checking for stdint.h
configure:8178: gcc -c -I/usr/local/include -L/usr/local/lib  conftest.c >&5
clang: warning: argument unused during compilation: '-L/usr/local/lib' [-Wunused-command-line-argument]
configure:8178: $? = 0
configure:8178: result: yes
configure:8178: checking for unistd.h
configure:8178: gcc -c -I/usr/local/include -L/usr/local/lib  conftest.c >&5
clang: warning: argument unused during compilation: '-L/usr/local/lib' [-Wunused-command-line-argument]
configure:8178: $? = 0
configure:8178: result: yes
configure:8192: checking for dlfcn.h
configure:8192: gcc -c -I/usr/local/include -L/usr/local/lib  conftest.c >&5
clang: warning: argument unused during compilation: '-L/usr/local/lib' [-Wunused-command-line-argument]
configure:8192: $? = 0
configure:8192: result: yes
configure:8459: checking for objdir
configure:8474: result: .libs
configure:8734: checking if gcc supports -fno-rtti -fno-exceptions
configure:8752: gcc -c -I/usr/local/include -L/usr/local/lib  -fno-rtti -fno-exceptions conftest.c >&5
clang: warning: argument unused during compilation: '-L/usr/local/lib' [-Wunused-command-line-argument]
configure:8756: $? = 0
configure:8769: result: yes
configure:9127: checking for gcc option to produce PIC
configure:9134: result: -fno-common -DPIC
configure:9142: checking if gcc PIC flag -fno-common -DPIC works
configure:9160: gcc -c -I/usr/local/include -L/usr/local/lib  -fno-common -DPIC -DPIC conftest.c >&5
clang: warning: argument unused during compilation: '-L/usr/local/lib' [-Wunused-command-line-argument]
configure:9164: $? = 0
configure:9177: result: yes
configure:9206: checking if gcc static flag -static works
configure:9234: result: no
configure:9249: checking if gcc supports -c -o file.o
configure:9270: gcc -c -I/usr/local/include -L/usr/local/lib  -o out/conftest2.o conftest.c >&5
clang: warning: argument unused during compilation: '-L/usr/local/lib' [-Wunused-command-line-argument]
configure:9274: $? = 0
configure:9296: result: yes
configure:9304: checking if gcc supports -c -o file.o
configure:9351: result: yes
configure:9384: checking whether the gcc linker (/Library/Developer/CommandLineTools/usr/bin/ld) supports shared libraries
configure:10643: result: yes
configure:10883: checking dynamic linker characteristics
configure:11701: result: darwin18.7.0 dyld
configure:11823: checking how to hardcode library paths into programs
configure:11848: result: immediate
configure:12396: checking whether stripping libraries is possible
configure:12410: result: yes
configure:12436: checking if libtool supports shared libraries
configure:12438: result: yes
configure:12441: checking whether to build shared libraries
configure:12466: result: yes
configure:12469: checking whether to build static libraries
configure:12473: result: yes
configure:12496: checking how to run the C++ preprocessor
configure:12523: g++ -E  conftest.cpp
configure:12523: $? = 0
configure:12537: g++ -E  conftest.cpp
conftest.cpp:23:10: fatal error: 'ac_nonexistent.h' file not found
#include <ac_nonexistent.h>
         ^~~~~~~~~~~~~~~~~~
1 error generated.
configure:12537: $? = 1
configure: failed program was:
| /* confdefs.h */
| #define PACKAGE_NAME "MP4v2"
| #define PACKAGE_TARNAME "mp4v2"
| #define PACKAGE_VERSION "-r"
| #define PACKAGE_STRING "MP4v2 -r"
| #define PACKAGE_BUGREPORT "kidjan@gmail.com"
| #define PACKAGE_URL ""
| #define PACKAGE "mp4v2"
| #define VERSION "-r"
| #define STDC_HEADERS 1
| #define HAVE_SYS_TYPES_H 1
| #define HAVE_SYS_STAT_H 1
| #define HAVE_STDLIB_H 1
| #define HAVE_STRING_H 1
| #define HAVE_MEMORY_H 1
| #define HAVE_STRINGS_H 1
| #define HAVE_INTTYPES_H 1
| #define HAVE_STDINT_H 1
| #define HAVE_UNISTD_H 1
| #define HAVE_DLFCN_H 1
| #define LT_OBJDIR ".libs/"
| /* end confdefs.h.  */
| #include <ac_nonexistent.h>
configure:12562: result: g++ -E
configure:12582: g++ -E  conftest.cpp
configure:12582: $? = 0
configure:12596: g++ -E  conftest.cpp
conftest.cpp:23:10: fatal error: 'ac_nonexistent.h' file not found
#include <ac_nonexistent.h>
         ^~~~~~~~~~~~~~~~~~
1 error generated.
configure:12596: $? = 1
configure: failed program was:
| /* confdefs.h */
| #define PACKAGE_NAME "MP4v2"
| #define PACKAGE_TARNAME "mp4v2"
| #define PACKAGE_VERSION "-r"
| #define PACKAGE_STRING "MP4v2 -r"
| #define PACKAGE_BUGREPORT "kidjan@gmail.com"
| #define PACKAGE_URL ""
| #define PACKAGE "mp4v2"
| #define VERSION "-r"
| #define STDC_HEADERS 1
| #define HAVE_SYS_TYPES_H 1
| #define HAVE_SYS_STAT_H 1
| #define HAVE_STDLIB_H 1
| #define HAVE_STRING_H 1
| #define HAVE_MEMORY_H 1
| #define HAVE_STRINGS_H 1
| #define HAVE_INTTYPES_H 1
| #define HAVE_STDINT_H 1
| #define HAVE_UNISTD_H 1
| #define HAVE_DLFCN_H 1
| #define LT_OBJDIR ".libs/"
| /* end confdefs.h.  */
| #include <ac_nonexistent.h>
configure:12758: checking for ld used by g++
configure:12825: result: /Library/Developer/CommandLineTools/usr/bin/ld
configure:12832: checking if the linker (/Library/Developer/CommandLineTools/usr/bin/ld) is GNU ld
configure:12847: result: no
configure:12902: checking whether the g++ linker (/Library/Developer/CommandLineTools/usr/bin/ld) supports shared libraries
configure:13975: result: yes
configure:14011: g++ -c -g -O2  conftest.cpp >&5
configure:14014: $? = 0
configure:14495: checking for g++ option to produce PIC
configure:14502: result: -fno-common -DPIC
configure:14510: checking if g++ PIC flag -fno-common -DPIC works
configure:14528: g++ -c -g -O2  -fno-common -DPIC -DPIC conftest.cpp >&5
configure:14532: $? = 0
configure:14545: result: yes
configure:14568: checking if g++ static flag -static works
configure:14596: result: no
configure:14608: checking if g++ supports -c -o file.o
configure:14629: g++ -c -g -O2  -o out/conftest2.o conftest.cpp >&5
configure:14633: $? = 0
configure:14655: result: yes
configure:14660: checking if g++ supports -c -o file.o
configure:14707: result: yes
configure:14737: checking whether the g++ linker (/Library/Developer/CommandLineTools/usr/bin/ld) supports shared libraries
configure:14777: result: yes
configure:14918: checking dynamic linker characteristics
configure:15663: result: darwin18.7.0 dyld
configure:15728: checking how to hardcode library paths into programs
configure:15753: result: immediate
configure:15817: checking for help2man
configure:15845: result: no
configure:15858: checking MP4v2 platform portability
configure:15880: result: posix
configure:16003: checking if g++ supports -fvisibility
configure:16022: g++ -c -g -O2 -fvisibility=hidden  conftest.cpp >&5
configure:16022: $? = 0
configure:16034: result: yes
configure:16044: checking if GCC precompiled-headers should be created
configure:16078: result: yes
configure:16147: checking arch flags
configure:16182: result: none
configure:16390: checking that generated files are newer than configure
configure:16396: result: done
configure:16439: creating ./config.status

## ---------------------- ##
## Running config.status. ##
## ---------------------- ##

This file was extended by MP4v2 config.status -r, which was
generated by GNU Autoconf 2.69.  Invocation command line was

  CONFIG_FILES    = 
  CONFIG_HEADERS  = 
  CONFIG_LINKS    = 
  CONFIG_COMMANDS = 
  $ ./config.status 

on mac302217.local

config.status:1189: creating GNUmakefile
config.status:1189: creating include/mp4v2/project.h
config.status:1189: creating project/project.m4
config.status:1189: creating libplatform/config.h
config.status:1418: executing depfiles commands
config.status:1418: executing libtool commands

## ---------------- ##
## Cache variables. ##
## ---------------- ##

ac_cv_build=x86_64-apple-darwin18.7.0
ac_cv_c_compiler_gnu=yes
ac_cv_cxx_compiler_gnu=yes
ac_cv_env_CCC_set=
ac_cv_env_CCC_value=
ac_cv_env_CC_set=
ac_cv_env_CC_value=
ac_cv_env_CFLAGS_set=set
ac_cv_env_CFLAGS_value='-I/usr/local/include -L/usr/local/lib'
ac_cv_env_CPPFLAGS_set=
ac_cv_env_CPPFLAGS_value=
ac_cv_env_CPP_set=
ac_cv_env_CPP_value=
ac_cv_env_CXXCPP_set=
ac_cv_env_CXXCPP_value=
ac_cv_env_CXXFLAGS_set=
ac_cv_env_CXXFLAGS_value=
ac_cv_env_CXX_set=
ac_cv_env_CXX_value=
ac_cv_env_LDFLAGS_set=set
ac_cv_env_LDFLAGS_value=-L/usr/local/opt/libffi/lib
ac_cv_env_LIBS_set=
ac_cv_env_LIBS_value=
ac_cv_env_LT_SYS_LIBRARY_PATH_set=
ac_cv_env_LT_SYS_LIBRARY_PATH_value=
ac_cv_env_build_alias_set=
ac_cv_env_build_alias_value=
ac_cv_env_host_alias_set=
ac_cv_env_host_alias_value=
ac_cv_env_target_alias_set=
ac_cv_env_target_alias_value=
ac_cv_header_dlfcn_h=yes
ac_cv_header_inttypes_h=yes
ac_cv_header_memory_h=yes
ac_cv_header_stdc=yes
ac_cv_header_stdint_h=yes
ac_cv_header_stdlib_h=yes
ac_cv_header_string_h=yes
ac_cv_header_strings_h=yes
ac_cv_header_sys_stat_h=yes
ac_cv_header_sys_types_h=yes
ac_cv_header_unistd_h=yes
ac_cv_host=x86_64-apple-darwin18.7.0
ac_cv_objext=o
ac_cv_path_EGREP='/usr/bin/grep -E'
ac_cv_path_FGREP='/usr/bin/grep -F'
ac_cv_path_GREP=/usr/bin/grep
ac_cv_path_SED=/usr/bin/sed
ac_cv_path_install='/usr/local/bin/ginstall -c'
ac_cv_path_lt_DD=/bin/dd
ac_cv_path_mkdir=/usr/local/bin/gmkdir
ac_cv_prog_AWK=awk
ac_cv_prog_CPP='gcc -E'
ac_cv_prog_CXXCPP='g++ -E'
ac_cv_prog_FOUND_HELP2MAN=no
ac_cv_prog_ac_ct_AR=ar
ac_cv_prog_ac_ct_CC=gcc
ac_cv_prog_ac_ct_CXX=g++
ac_cv_prog_ac_ct_DSYMUTIL=dsymutil
ac_cv_prog_ac_ct_LIPO=lipo
ac_cv_prog_ac_ct_NMEDIT=nmedit
ac_cv_prog_ac_ct_OBJDUMP=objdump
ac_cv_prog_ac_ct_OTOOL=otool
ac_cv_prog_ac_ct_RANLIB=ranlib
ac_cv_prog_ac_ct_STRIP=strip
ac_cv_prog_cc_c89=
ac_cv_prog_cc_g=yes
ac_cv_prog_cxx_g=yes
ac_cv_prog_make_make_set=yes
am_cv_CC_dependencies_compiler_type=none
am_cv_CXX_dependencies_compiler_type=none
am_cv_make_support_nested_variables=yes
am_cv_prog_cc_c_o=yes
lt_cv_apple_cc_single_mod=yes
lt_cv_ar_at_file=no
lt_cv_deplibs_check_method=pass_all
lt_cv_file_magic_cmd='$MAGIC_CMD'
lt_cv_file_magic_test_file=
lt_cv_ld_exported_symbols_list=yes
lt_cv_ld_force_load=yes
lt_cv_ld_reload_flag=-r
lt_cv_nm_interface='BSD nm'
lt_cv_objdir=.libs
lt_cv_path_LD=/Library/Developer/CommandLineTools/usr/bin/ld
lt_cv_path_LDCXX=/Library/Developer/CommandLineTools/usr/bin/ld
lt_cv_path_NM='/usr/bin/nm -B'
lt_cv_path_mainfest_tool=no
lt_cv_prog_compiler_c_o=yes
lt_cv_prog_compiler_c_o_CXX=yes
lt_cv_prog_compiler_pic='-fno-common -DPIC'
lt_cv_prog_compiler_pic_CXX='-fno-common -DPIC'
lt_cv_prog_compiler_pic_works=yes
lt_cv_prog_compiler_pic_works_CXX=yes
lt_cv_prog_compiler_rtti_exceptions=yes
lt_cv_prog_compiler_static_works=no
lt_cv_prog_compiler_static_works_CXX=no
lt_cv_prog_gnu_ld=no
lt_cv_prog_gnu_ldcxx=no
lt_cv_sharedlib_from_linklib_cmd='printf %s\n'
lt_cv_sys_global_symbol_pipe='sed -n -e '\''s/^.*[	 ]\([BCDEGRST][BCDEGRST]*\)[	 ][	 ]*_\([_A-Za-z][_A-Za-z0-9]*\)$/\1 _\2 \2/p'\'' | sed '\''/ __gnu_lto/d'\'''
lt_cv_sys_global_symbol_to_c_name_address='sed -n -e '\''s/^: \(.*\) .*$/  {"\1", (void *) 0},/p'\'' -e '\''s/^[BCDEGRST][BCDEGRST]* .* \(.*\)$/  {"\1", (void *) \&\1},/p'\'''
lt_cv_sys_global_symbol_to_c_name_address_lib_prefix='sed -n -e '\''s/^: \(.*\) .*$/  {"\1", (void *) 0},/p'\'' -e '\''s/^[BCDEGRST][BCDEGRST]* .* \(lib.*\)$/  {"\1", (void *) \&\1},/p'\'' -e '\''s/^[BCDEGRST][BCDEGRST]* .* \(.*\)$/  {"lib\1", (void *) \&\1},/p'\'''
lt_cv_sys_global_symbol_to_cdecl='sed -n -e '\''s/^T .* \(.*\)$/extern int \1();/p'\'' -e '\''s/^[BCDEGRST][BCDEGRST]* .* \(.*\)$/extern char \1;/p'\'''
lt_cv_sys_global_symbol_to_import=
lt_cv_sys_max_cmd_len=196608
lt_cv_to_host_file_cmd=func_convert_file_noop
lt_cv_to_tool_file_cmd=func_convert_file_noop
lt_cv_truncate_bin='/bin/dd bs=4096 count=1'
x_cv_fvisibility=yes

## ----------------- ##
## Output variables. ##
## ----------------- ##

ACLOCAL='${SHELL} /Users/leandro.barbosa/Personal/media-server-go-native/mp4v2/autoaux/missing aclocal-1.16'
ADD_MANS_FALSE='#'
ADD_MANS_TRUE=''
ADD_PLATFORM_POSIX_FALSE='#'
ADD_PLATFORM_POSIX_TRUE=''
ADD_PLATFORM_WIN32_FALSE=''
ADD_PLATFORM_WIN32_TRUE='#'
ADD_UTIL_FALSE='#'
ADD_UTIL_TRUE=''
AMDEPBACKSLASH=''
AMDEP_FALSE=''
AMDEP_TRUE='#'
AMTAR='$${TAR-tar}'
AM_BACKSLASH='\'
AM_DEFAULT_V='$(AM_DEFAULT_VERBOSITY)'
AM_DEFAULT_VERBOSITY='1'
AM_V='$(V)'
AR='ar'
AUTOCONF='${SHELL} /Users/leandro.barbosa/Personal/media-server-go-native/mp4v2/autoaux/missing autoconf'
AUTOHEADER='${SHELL} /Users/leandro.barbosa/Personal/media-server-go-native/mp4v2/autoaux/missing autoheader'
AUTOMAKE='${SHELL} /Users/leandro.barbosa/Personal/media-server-go-native/mp4v2/autoaux/missing automake-1.16'
AWK='awk'
CC='gcc'
CCDEPMODE='depmode=none'
CFLAGS='-I/usr/local/include -L/usr/local/lib'
CPP='gcc -E'
CPPFLAGS=''
CXX='g++'
CXXCPP='g++ -E'
CXXDEPMODE='depmode=none'
CXXFLAGS='-g -O2 -fvisibility=hidden'
CYGPATH_W='echo'
DEFS='-DHAVE_CONFIG_H'
DEPDIR='.deps'
DLLTOOL='false'
DSYMUTIL='dsymutil'
DUMPBIN=''
ECHO_C='\c'
ECHO_N=''
ECHO_T=''
EGREP='/usr/bin/grep -E'
EXEEXT=''
FGREP='/usr/bin/grep -F'
FOUND_HELP2MAN='no'
GREP='/usr/bin/grep'
INSTALL_DATA='${INSTALL} -m 644'
INSTALL_PROGRAM='${INSTALL}'
INSTALL_SCRIPT='${INSTALL}'
INSTALL_STRIP_PROGRAM='$(install_sh) -c -s'
LD='/Library/Developer/CommandLineTools/usr/bin/ld'
LDFLAGS='-L/usr/local/opt/libffi/lib'
LIBOBJS=''
LIBS=''
LIBTOOL='$(SHELL) $(top_builddir)/libtool'
LIPO='lipo'
LN_S='ln -s'
LTLIBOBJS=''
LT_SYS_LIBRARY_PATH=''
MAKEINFO='${SHELL} /Users/leandro.barbosa/Personal/media-server-go-native/mp4v2/autoaux/missing makeinfo'
MANIFEST_TOOL=':'
MKDIR_P='/usr/local/bin/gmkdir -p'
NM='/usr/bin/nm -B'
NMEDIT='nmedit'
OBJDUMP='objdump'
OBJEXT='o'
OTOOL64=':'
OTOOL='otool'
PACKAGE='mp4v2'
PACKAGE_BUGREPORT='kidjan@gmail.com'
PACKAGE_NAME='MP4v2'
PACKAGE_STRING='MP4v2 -r'
PACKAGE_TARNAME='mp4v2'
PACKAGE_URL=''
PACKAGE_VERSION='-r'
PATH_SEPARATOR=':'
PROJECT_bugreport='<kidjan@gmail.com>'
PROJECT_build='Sat Nov  2 14:57:40 -03 2019'
PROJECT_irc='irc://irc.freenode.net/handbrake'
PROJECT_name='MP4v2'
PROJECT_name_formal='MP4v2 -r'
PROJECT_name_lower='mp4v2'
PROJECT_name_upper='MP4V2'
PROJECT_repo_branch='unknown'
PROJECT_repo_date='unknown'
PROJECT_repo_rev='0'
PROJECT_repo_root='svn://nowhere.com/project'
PROJECT_repo_type='developer'
PROJECT_repo_url='svn://nowhere.com/project/unknown'
PROJECT_repo_uuid='00000000-0000-0000-0000-000000000000'
PROJECT_url_discussion='http://groups.google.com/group/mp4v2'
PROJECT_url_downloads='http://code.google.com/p/mp4v2/downloads/list'
PROJECT_url_website='http://code.google.com/p/mp4v2'
PROJECT_version='-r'
PROJECT_version_hex='0x00020100'
PROJECT_version_major='2'
PROJECT_version_minor='1'
PROJECT_version_point='0'
RANLIB='ranlib'
SED='/usr/bin/sed'
SET_MAKE=''
SHELL='/bin/sh'
STRIP='strip'
VERSION='-r'
X_CXX_ARCH=''
X_CXX_D=''
X_CXX_I=''
X_CXX_W=''
X_GCH='1'
X_GCH_FLAGS=''
X_GCH_SHARED='1'
X_GCH_SHARED_FLAGS=' -fno-common -DPIC'
X_GCH_STATIC='1'
X_GCH_STATIC_FLAGS=''
X_MINGW_LIBS=''
X_libmp4v2_la_LDFLAGS='-Wl,-current_version,$(PROJECT_version_major).$(PROJECT_version_minor).$(PROJECT_version_point) -Wl,-compatibility_version,$(PROJECT_version_major).0.0'
ac_ct_AR='ar'
ac_ct_CC='gcc'
ac_ct_CXX='g++'
ac_ct_DUMPBIN=''
am__EXEEXT_FALSE=''
am__EXEEXT_TRUE='#'
am__fastdepCC_FALSE=''
am__fastdepCC_TRUE='#'
am__fastdepCXX_FALSE=''
am__fastdepCXX_TRUE='#'
am__include='include'
am__isrc=''
am__leading_dot='.'
am__nodep=''
am__quote=''
am__tar='$${TAR-tar} chof - "$$tardir"'
am__untar='$${TAR-tar} xf -'
bindir='${exec_prefix}/bin'
build='x86_64-apple-darwin18.7.0'
build_alias=''
build_cpu='x86_64'
build_os='darwin18.7.0'
build_vendor='apple'
datadir='${datarootdir}'
datarootdir='${prefix}/share'
docdir='${datarootdir}/doc/${PACKAGE_TARNAME}'
dvidir='${docdir}'
exec_prefix='${prefix}'
host='x86_64-apple-darwin18.7.0'
host_alias=''
host_cpu='x86_64'
host_os='darwin18.7.0'
host_vendor='apple'
htmldir='${docdir}'
includedir='${prefix}/include'
infodir='${datarootdir}/info'
install_sh='${SHELL} /Users/leandro.barbosa/Personal/media-server-go-native/mp4v2/autoaux/install-sh'
libdir='${exec_prefix}/lib'
libexecdir='${exec_prefix}/libexec'
localedir='${datarootdir}/locale'
localstatedir='${prefix}/var'
mandir='${datarootdir}/man'
mkdir_p='$(MKDIR_P)'
oldincludedir='/usr/include'
pdfdir='${docdir}'
prefix='/usr/local'
program_transform_name='s,x,x,'
psdir='${docdir}'
sbindir='${exec_prefix}/sbin'
sharedstatedir='${prefix}/com'
sysconfdir='${prefix}/etc'
target_alias=''

## ----------- ##
## confdefs.h. ##
## ----------- ##

/* confdefs.h */
#define PACKAGE_NAME "MP4v2"
#define PACKAGE_TARNAME "mp4v2"
#define PACKAGE_VERSION "-r"
#define PACKAGE_STRING "MP4v2 -r"
#define PACKAGE_BUGREPORT "kidjan@gmail.com"
#define PACKAGE_URL ""
#define PACKAGE "mp4v2"
#define VERSION "-r"
#define STDC_HEADERS 1
#define HAVE_SYS_TYPES_H 1
#define HAVE_SYS_STAT_H 1
#define HAVE_STDLIB_H 1
#define HAVE_STRING_H 1
#define HAVE_MEMORY_H 1
#define HAVE_STRINGS_H 1
#define HAVE_INTTYPES_H 1
#define HAVE_STDINT_H 1
#define HAVE_UNISTD_H 1
#define HAVE_DLFCN_H 1
#define LT_OBJDIR ".libs/"

configure: exit 0
